<?xml version="1.0" encoding="UTF-8"?>
<testng-results ignored="0" total="2" passed="2" failed="0" skipped="0">
  <reporter-output>
  </reporter-output>
  <suite started-at="2025-02-20T17:04:16 IST" name="Suite" finished-at="2025-02-20T17:04:36 IST" duration-ms="19806">
    <groups>
      <group name="Master">
        <method signature="TC001_AccountRegistrationTest.verify_account_registration()[pri:0, instance:testcases.TC001_AccountRegistrationTest@21ba0741]" name="verify_account_registration" class="testcases.TC001_AccountRegistrationTest"/>
        <method signature="TC002_LoginTest.verifyLogin()[pri:0, instance:testcases.TC002_LoginTest@68702e03]" name="verifyLogin" class="testcases.TC002_LoginTest"/>
      </group> <!-- Master -->
      <group name="Sanity">
        <method signature="TC002_LoginTest.verifyLogin()[pri:0, instance:testcases.TC002_LoginTest@68702e03]" name="verifyLogin" class="testcases.TC002_LoginTest"/>
      </group> <!-- Sanity -->
      <group name="Regression">
        <method signature="TC001_AccountRegistrationTest.verify_account_registration()[pri:0, instance:testcases.TC001_AccountRegistrationTest@21ba0741]" name="verify_account_registration" class="testcases.TC001_AccountRegistrationTest"/>
      </group> <!-- Regression -->
    </groups>
    <test started-at="2025-02-20T17:04:16 IST" name="Test" finished-at="2025-02-20T17:04:36 IST" duration-ms="19806">
      <class name="testcases.TC001_AccountRegistrationTest">
        <test-method is-config="true" signature="setup(java.lang.String,java.lang.String)[pri:0, instance:testcases.TC001_AccountRegistrationTest@21ba0741]" started-at="2025-02-20T17:04:31 IST" name="setup" finished-at="2025-02-20T17:04:34 IST" duration-ms="3135" status="PASS">
          <params>
            <param index="0">
              <value>
                <![CDATA[windows]]>
              </value>
            </param>
            <param index="1">
              <value>
                <![CDATA[Chrome]]>
              </value>
            </param>
          </params>
          <reporter-output>
          </reporter-output>
        </test-method> <!-- setup -->
        <test-method signature="verify_account_registration()[pri:0, instance:testcases.TC001_AccountRegistrationTest@21ba0741]" started-at="2025-02-20T17:04:34 IST" name="verify_account_registration" finished-at="2025-02-20T17:04:36 IST" duration-ms="1762" status="PASS">
          <reporter-output>
          </reporter-output>
        </test-method> <!-- verify_account_registration -->
        <test-method is-config="true" signature="tearDown()[pri:0, instance:testcases.TC001_AccountRegistrationTest@21ba0741]" started-at="2025-02-20T17:04:36 IST" name="tearDown" finished-at="2025-02-20T17:04:36 IST" duration-ms="212" status="PASS">
          <reporter-output>
          </reporter-output>
        </test-method> <!-- tearDown -->
      </class> <!-- testcases.TC001_AccountRegistrationTest -->
      <class name="testcases.TC002_LoginTest">
        <test-method is-config="true" signature="setup(java.lang.String,java.lang.String)[pri:0, instance:testcases.TC002_LoginTest@68702e03]" started-at="2025-02-20T17:04:16 IST" name="setup" finished-at="2025-02-20T17:04:29 IST" duration-ms="12944" status="PASS">
          <params>
            <param index="0">
              <value>
                <![CDATA[windows]]>
              </value>
            </param>
            <param index="1">
              <value>
                <![CDATA[Chrome]]>
              </value>
            </param>
          </params>
          <reporter-output>
          </reporter-output>
        </test-method> <!-- setup -->
        <test-method signature="verifyLogin()[pri:0, instance:testcases.TC002_LoginTest@68702e03]" started-at="2025-02-20T17:04:29 IST" name="verifyLogin" finished-at="2025-02-20T17:04:31 IST" duration-ms="1321" status="PASS">
          <reporter-output>
          </reporter-output>
        </test-method> <!-- verifyLogin -->
        <test-method is-config="true" signature="tearDown()[pri:0, instance:testcases.TC002_LoginTest@68702e03]" started-at="2025-02-20T17:04:31 IST" name="tearDown" finished-at="2025-02-20T17:04:31 IST" duration-ms="230" status="PASS">
          <reporter-output>
          </reporter-output>
        </test-method> <!-- tearDown -->
      </class> <!-- testcases.TC002_LoginTest -->
    </test> <!-- Test -->
  </suite> <!-- Suite -->
</testng-results>
