<?xml version="1.0" encoding="UTF-8"?>
<!-- Generated by org.testng.reporters.JUnitXMLReporter -->
<testsuite ignored="0" hostname="ROSHAN_PC" failures="1" tests="5" name="Test" time="26.526" errors="0" timestamp="2025-02-15T14:04:15 IST">
  <testcase classname="testcases.TC003_LoginDDT" name="verify_loginDDT" time="4.499"/>
  <testcase classname="testcases.TC003_LoginDDT" name="verify_loginDDT" time="4.421"/>
  <testcase classname="testcases.TC003_LoginDDT" name="verify_loginDDT" time="4.397"/>
  <testcase classname="testcases.TC003_LoginDDT" name="verify_loginDDT" time="4.332">
    <failure type="java.lang.AssertionError" message="expected [true] but found [false]">
      <![CDATA[java.lang.AssertionError: expected [true] but found [false]
at testcases.TC003_LoginDDT.verify_loginDDT(TC003_LoginDDT.java:65)
at java.base/java.util.ArrayList.forEach(ArrayList.java:1511)
... Removed 31 stack frames]]>
    </failure>
  </testcase> <!-- verify_loginDDT -->
  <testcase classname="testcases.TC003_LoginDDT" name="verify_loginDDT" time="4.567"/>
</testsuite> <!-- Test -->
